2023-05-31 13:44:53,493 DEBUG    root            Loaded Command Group: ['gcloud', 'components']
2023-05-31 13:44:53,498 DEBUG    root            Loaded Command Group: ['gcloud', 'components', 'update']
2023-05-31 13:44:53,501 DEBUG    root            Running [gcloud.components.update] with arguments: [--allow-no-backup: "True", --compile-python: "True", --quiet: "True", COMPONENT-IDS:7: "['core', 'gcloud-deps', 'bq', 'gcloud', 'gcloud-crc32c', 'gsutil', 'anthoscli']"]
2023-05-31 13:44:53,502 INFO     ___FILE_ONLY___ Beginning update. This process may take several minutes.

2023-05-31 13:45:05,531 DEBUG    urllib3.connectionpool Starting new HTTPS connection (1): dl.google.com:443
2023-05-31 13:45:05,552 DEBUG    urllib3.connectionpool https://dl.google.com:443 "GET /dl/cloudsdk/channels/rapid/components-2.json HTTP/1.1" 200 206160
2023-05-31 13:45:05,574 INFO     ___FILE_ONLY___ 

2023-05-31 13:45:05,575 INFO     ___FILE_ONLY___ 
Your current Google Cloud CLI version is: 433.0.0

2023-05-31 13:45:05,575 INFO     ___FILE_ONLY___ Installing components from version: 433.0.0

2023-05-31 13:45:05,575 INFO     ___FILE_ONLY___ 

2023-05-31 13:45:05,576 DEBUG    root            Chosen display Format:table[box,title="These components will be removed."](details.display_name:label=Name:align=left,version.version_string:label=Version:align=right,data.size.size(zero="",min=1048576):label=Size:align=right)
2023-05-31 13:45:05,576 DEBUG    root            Chosen display Format:table[box,title="These components will be updated."](details.display_name:label=Name:align=left,version.version_string:label=Version:align=right,data.size.size(zero="",min=1048576):label=Size:align=right)
2023-05-31 13:45:05,577 DEBUG    root            Chosen display Format:table[box,title="These components will be installed."](details.display_name:label=Name:align=left,version.version_string:label=Version:align=right,data.size.size(zero="",min=1048576):label=Size:align=right)
2023-05-31 13:45:05,586 INFO     ___FILE_ONLY___ ┌─────────────────────────────────────────────────────────────────────────────┐
2023-05-31 13:45:05,586 INFO     ___FILE_ONLY___ 

2023-05-31 13:45:05,586 INFO     ___FILE_ONLY___ │                     These components will be installed.                     │
2023-05-31 13:45:05,586 INFO     ___FILE_ONLY___ 

2023-05-31 13:45:05,586 INFO     ___FILE_ONLY___ ├─────────────────────────────────────────────────────┬────────────┬──────────┤
2023-05-31 13:45:05,586 INFO     ___FILE_ONLY___ 

2023-05-31 13:45:05,586 INFO     ___FILE_ONLY___ │                         Name                        │  Version   │   Size   │
2023-05-31 13:45:05,586 INFO     ___FILE_ONLY___ 

2023-05-31 13:45:05,586 INFO     ___FILE_ONLY___ ├─────────────────────────────────────────────────────┼────────────┼──────────┤
2023-05-31 13:45:05,587 INFO     ___FILE_ONLY___ 

2023-05-31 13:45:05,587 INFO     ___FILE_ONLY___ │ 
2023-05-31 13:45:05,587 INFO     ___FILE_ONLY___ BigQuery Command Line Tool                         
2023-05-31 13:45:05,587 INFO     ___FILE_ONLY___  
2023-05-31 13:45:05,587 INFO     ___FILE_ONLY___ │ 
2023-05-31 13:45:05,587 INFO     ___FILE_ONLY___     2.0.93
2023-05-31 13:45:05,587 INFO     ___FILE_ONLY___  
2023-05-31 13:45:05,587 INFO     ___FILE_ONLY___ │ 
2023-05-31 13:45:05,587 INFO     ___FILE_ONLY___  1.6 MiB
2023-05-31 13:45:05,587 INFO     ___FILE_ONLY___  
2023-05-31 13:45:05,587 INFO     ___FILE_ONLY___ │
2023-05-31 13:45:05,587 INFO     ___FILE_ONLY___ 

2023-05-31 13:45:05,587 INFO     ___FILE_ONLY___ │ 
2023-05-31 13:45:05,588 INFO     ___FILE_ONLY___ BigQuery Command Line Tool (Platform Specific)     
2023-05-31 13:45:05,588 INFO     ___FILE_ONLY___  
2023-05-31 13:45:05,588 INFO     ___FILE_ONLY___ │ 
2023-05-31 13:45:05,588 INFO     ___FILE_ONLY___     2.0.77
2023-05-31 13:45:05,588 INFO     ___FILE_ONLY___  
2023-05-31 13:45:05,588 INFO     ___FILE_ONLY___ │ 
2023-05-31 13:45:05,588 INFO     ___FILE_ONLY___  < 1 MiB
2023-05-31 13:45:05,588 INFO     ___FILE_ONLY___  
2023-05-31 13:45:05,588 INFO     ___FILE_ONLY___ │
2023-05-31 13:45:05,589 INFO     ___FILE_ONLY___ 

2023-05-31 13:45:05,589 INFO     ___FILE_ONLY___ │ 
2023-05-31 13:45:05,589 INFO     ___FILE_ONLY___ Bundled Python 3.9                                 
2023-05-31 13:45:05,589 INFO     ___FILE_ONLY___  
2023-05-31 13:45:05,589 INFO     ___FILE_ONLY___ │ 
2023-05-31 13:45:05,589 INFO     ___FILE_ONLY___     3.9.16
2023-05-31 13:45:05,589 INFO     ___FILE_ONLY___  
2023-05-31 13:45:05,589 INFO     ___FILE_ONLY___ │ 
2023-05-31 13:45:05,589 INFO     ___FILE_ONLY___ 63.5 MiB
2023-05-31 13:45:05,589 INFO     ___FILE_ONLY___  
2023-05-31 13:45:05,589 INFO     ___FILE_ONLY___ │
2023-05-31 13:45:05,589 INFO     ___FILE_ONLY___ 

2023-05-31 13:45:05,589 INFO     ___FILE_ONLY___ │ 
2023-05-31 13:45:05,590 INFO     ___FILE_ONLY___ Cloud Storage Command Line Tool                    
2023-05-31 13:45:05,590 INFO     ___FILE_ONLY___  
2023-05-31 13:45:05,590 INFO     ___FILE_ONLY___ │ 
2023-05-31 13:45:05,590 INFO     ___FILE_ONLY___       5.24
2023-05-31 13:45:05,590 INFO     ___FILE_ONLY___  
2023-05-31 13:45:05,590 INFO     ___FILE_ONLY___ │ 
2023-05-31 13:45:05,590 INFO     ___FILE_ONLY___ 11.3 MiB
2023-05-31 13:45:05,590 INFO     ___FILE_ONLY___  
2023-05-31 13:45:05,590 INFO     ___FILE_ONLY___ │
2023-05-31 13:45:05,590 INFO     ___FILE_ONLY___ 

2023-05-31 13:45:05,590 INFO     ___FILE_ONLY___ │ 
2023-05-31 13:45:05,590 INFO     ___FILE_ONLY___ Cloud Storage Command Line Tool (Platform Specific)
2023-05-31 13:45:05,591 INFO     ___FILE_ONLY___  
2023-05-31 13:45:05,591 INFO     ___FILE_ONLY___ │ 
2023-05-31 13:45:05,591 INFO     ___FILE_ONLY___       5.13
2023-05-31 13:45:05,591 INFO     ___FILE_ONLY___  
2023-05-31 13:45:05,591 INFO     ___FILE_ONLY___ │ 
2023-05-31 13:45:05,591 INFO     ___FILE_ONLY___  < 1 MiB
2023-05-31 13:45:05,591 INFO     ___FILE_ONLY___  
2023-05-31 13:45:05,591 INFO     ___FILE_ONLY___ │
2023-05-31 13:45:05,591 INFO     ___FILE_ONLY___ 

2023-05-31 13:45:05,591 INFO     ___FILE_ONLY___ │ 
2023-05-31 13:45:05,591 INFO     ___FILE_ONLY___ Google Cloud CLI Core Libraries (Platform Specific)
2023-05-31 13:45:05,591 INFO     ___FILE_ONLY___  
2023-05-31 13:45:05,591 INFO     ___FILE_ONLY___ │ 
2023-05-31 13:45:05,592 INFO     ___FILE_ONLY___ 2022.09.20
2023-05-31 13:45:05,592 INFO     ___FILE_ONLY___  
2023-05-31 13:45:05,592 INFO     ___FILE_ONLY___ │ 
2023-05-31 13:45:05,592 INFO     ___FILE_ONLY___  < 1 MiB
2023-05-31 13:45:05,592 INFO     ___FILE_ONLY___  
2023-05-31 13:45:05,592 INFO     ___FILE_ONLY___ │
2023-05-31 13:45:05,592 INFO     ___FILE_ONLY___ 

2023-05-31 13:45:05,592 INFO     ___FILE_ONLY___ │ 
2023-05-31 13:45:05,592 INFO     ___FILE_ONLY___ Google Cloud CRC32C Hash Tool                      
2023-05-31 13:45:05,593 INFO     ___FILE_ONLY___  
2023-05-31 13:45:05,593 INFO     ___FILE_ONLY___ │ 
2023-05-31 13:45:05,593 INFO     ___FILE_ONLY___      1.0.0
2023-05-31 13:45:05,593 INFO     ___FILE_ONLY___  
2023-05-31 13:45:05,593 INFO     ___FILE_ONLY___ │ 
2023-05-31 13:45:05,593 INFO     ___FILE_ONLY___  1.2 MiB
2023-05-31 13:45:05,593 INFO     ___FILE_ONLY___  
2023-05-31 13:45:05,593 INFO     ___FILE_ONLY___ │
2023-05-31 13:45:05,593 INFO     ___FILE_ONLY___ 

2023-05-31 13:45:05,593 INFO     ___FILE_ONLY___ │ 
2023-05-31 13:45:05,593 INFO     ___FILE_ONLY___ anthoscli                                          
2023-05-31 13:45:05,593 INFO     ___FILE_ONLY___  
2023-05-31 13:45:05,593 INFO     ___FILE_ONLY___ │ 
2023-05-31 13:45:05,594 INFO     ___FILE_ONLY___     0.2.36
2023-05-31 13:45:05,594 INFO     ___FILE_ONLY___  
2023-05-31 13:45:05,594 INFO     ___FILE_ONLY___ │ 
2023-05-31 13:45:05,594 INFO     ___FILE_ONLY___ 68.4 MiB
2023-05-31 13:45:05,594 INFO     ___FILE_ONLY___  
2023-05-31 13:45:05,594 INFO     ___FILE_ONLY___ │
2023-05-31 13:45:05,594 INFO     ___FILE_ONLY___ 

2023-05-31 13:45:05,594 INFO     ___FILE_ONLY___ │ 
2023-05-31 13:45:05,594 INFO     ___FILE_ONLY___ gcloud cli dependencies                            
2023-05-31 13:45:05,594 INFO     ___FILE_ONLY___  
2023-05-31 13:45:05,594 INFO     ___FILE_ONLY___ │ 
2023-05-31 13:45:05,594 INFO     ___FILE_ONLY___ 2021.04.16
2023-05-31 13:45:05,594 INFO     ___FILE_ONLY___  
2023-05-31 13:45:05,595 INFO     ___FILE_ONLY___ │ 
2023-05-31 13:45:05,595 INFO     ___FILE_ONLY___  < 1 MiB
2023-05-31 13:45:05,595 INFO     ___FILE_ONLY___  
2023-05-31 13:45:05,595 INFO     ___FILE_ONLY___ │
2023-05-31 13:45:05,595 INFO     ___FILE_ONLY___ 

2023-05-31 13:45:05,595 INFO     ___FILE_ONLY___ └─────────────────────────────────────────────────────┴────────────┴──────────┘
2023-05-31 13:45:05,595 INFO     ___FILE_ONLY___ 

2023-05-31 13:45:05,595 INFO     ___FILE_ONLY___ 

2023-05-31 13:45:05,597 DEBUG    urllib3.connectionpool Starting new HTTPS connection (1): dl.google.com:443
2023-05-31 13:45:05,620 DEBUG    urllib3.connectionpool https://dl.google.com:443 "GET /dl/cloudsdk/channels/rapid/RELEASE_NOTES HTTP/1.1" 200 1008604
2023-05-31 13:45:05,685 INFO     ___FILE_ONLY___ For the latest full release notes, please visit:
  https://cloud.google.com/sdk/release_notes


2023-05-31 13:45:05,688 INFO     ___FILE_ONLY___ ╔════════════════════════════════════════════════════════════╗

2023-05-31 13:45:05,688 INFO     ___FILE_ONLY___ ╠═ Creating update staging area                             ═╣

2023-05-31 13:45:05,688 INFO     ___FILE_ONLY___ ╚
2023-05-31 13:45:05,688 INFO     ___FILE_ONLY___ ══════
2023-05-31 13:45:05,688 INFO     ___FILE_ONLY___ ══════
2023-05-31 13:45:05,688 INFO     ___FILE_ONLY___ ══════
2023-05-31 13:45:05,907 INFO     ___FILE_ONLY___ ═
2023-05-31 13:45:05,957 INFO     ___FILE_ONLY___ ═
2023-05-31 13:45:06,021 INFO     ___FILE_ONLY___ ═
2023-05-31 13:45:06,070 INFO     ___FILE_ONLY___ ═
2023-05-31 13:45:06,127 INFO     ___FILE_ONLY___ ═
2023-05-31 13:45:06,176 INFO     ___FILE_ONLY___ ═
2023-05-31 13:45:06,235 INFO     ___FILE_ONLY___ ═
2023-05-31 13:45:06,290 INFO     ___FILE_ONLY___ ═
2023-05-31 13:45:06,333 INFO     ___FILE_ONLY___ ═
2023-05-31 13:45:06,405 INFO     ___FILE_ONLY___ ═
2023-05-31 13:45:06,457 INFO     ___FILE_ONLY___ ═
2023-05-31 13:45:06,519 INFO     ___FILE_ONLY___ ═
2023-05-31 13:45:06,564 INFO     ___FILE_ONLY___ ═
2023-05-31 13:45:06,630 INFO     ___FILE_ONLY___ ═
2023-05-31 13:45:06,694 INFO     ___FILE_ONLY___ ═
2023-05-31 13:45:06,743 INFO     ___FILE_ONLY___ ═
2023-05-31 13:45:06,919 INFO     ___FILE_ONLY___ ═
2023-05-31 13:45:06,989 INFO     ___FILE_ONLY___ ═
2023-05-31 13:45:07,056 INFO     ___FILE_ONLY___ ═
2023-05-31 13:45:07,115 INFO     ___FILE_ONLY___ ═
2023-05-31 13:45:07,176 INFO     ___FILE_ONLY___ ═
2023-05-31 13:45:07,248 INFO     ___FILE_ONLY___ ═
2023-05-31 13:45:07,324 INFO     ___FILE_ONLY___ ═
2023-05-31 13:45:07,388 INFO     ___FILE_ONLY___ ═
2023-05-31 13:45:07,444 INFO     ___FILE_ONLY___ ═
2023-05-31 13:45:07,505 INFO     ___FILE_ONLY___ ═
2023-05-31 13:45:07,567 INFO     ___FILE_ONLY___ ═
2023-05-31 13:45:07,626 INFO     ___FILE_ONLY___ ═
2023-05-31 13:45:07,688 INFO     ___FILE_ONLY___ ═
2023-05-31 13:45:07,749 INFO     ___FILE_ONLY___ ═
2023-05-31 13:45:07,813 INFO     ___FILE_ONLY___ ═
2023-05-31 13:45:07,885 INFO     ___FILE_ONLY___ ═
2023-05-31 13:45:08,075 INFO     ___FILE_ONLY___ ═
2023-05-31 13:45:08,195 INFO     ___FILE_ONLY___ ═
2023-05-31 13:45:08,233 INFO     ___FILE_ONLY___ ═
2023-05-31 13:45:08,264 INFO     ___FILE_ONLY___ ═
2023-05-31 13:45:08,296 INFO     ___FILE_ONLY___ ═
2023-05-31 13:45:08,325 INFO     ___FILE_ONLY___ ═
2023-05-31 13:45:08,363 INFO     ___FILE_ONLY___ ═
2023-05-31 13:45:08,397 INFO     ___FILE_ONLY___ ═
2023-05-31 13:45:08,477 INFO     ___FILE_ONLY___ ═
2023-05-31 13:45:08,595 INFO     ___FILE_ONLY___ ═
2023-05-31 13:45:08,596 INFO     ___FILE_ONLY___ ╝

2023-05-31 13:45:08,822 INFO     ___FILE_ONLY___ ╔════════════════════════════════════════════════════════════╗

2023-05-31 13:45:08,823 INFO     ___FILE_ONLY___ ╠═ Installing: BigQuery Command Line Tool                   ═╣

2023-05-31 13:45:08,823 INFO     ___FILE_ONLY___ ╚
2023-05-31 13:45:08,825 DEBUG    urllib3.connectionpool Starting new HTTPS connection (1): dl.google.com:443
2023-05-31 13:45:08,845 DEBUG    urllib3.connectionpool https://dl.google.com:443 "GET /dl/cloudsdk/channels/rapid/components/google-cloud-sdk-bq-20230519173220.tar.gz HTTP/1.1" 200 1681057
2023-05-31 13:45:08,857 INFO     ___FILE_ONLY___ ═
2023-05-31 13:45:08,857 INFO     ___FILE_ONLY___ ═
2023-05-31 13:45:08,858 INFO     ___FILE_ONLY___ ═
2023-05-31 13:45:08,858 INFO     ___FILE_ONLY___ ═
2023-05-31 13:45:08,858 INFO     ___FILE_ONLY___ ═
2023-05-31 13:45:08,858 INFO     ___FILE_ONLY___ ═
2023-05-31 13:45:08,858 INFO     ___FILE_ONLY___ ═
2023-05-31 13:45:08,858 INFO     ___FILE_ONLY___ ═
2023-05-31 13:45:08,859 INFO     ___FILE_ONLY___ ═
2023-05-31 13:45:08,859 INFO     ___FILE_ONLY___ ═
2023-05-31 13:45:08,859 INFO     ___FILE_ONLY___ ═
2023-05-31 13:45:08,859 INFO     ___FILE_ONLY___ ═
2023-05-31 13:45:08,859 INFO     ___FILE_ONLY___ ═
2023-05-31 13:45:08,859 INFO     ___FILE_ONLY___ ═
2023-05-31 13:45:08,860 INFO     ___FILE_ONLY___ ═
2023-05-31 13:45:08,860 INFO     ___FILE_ONLY___ ═
2023-05-31 13:45:08,860 INFO     ___FILE_ONLY___ ═
2023-05-31 13:45:08,860 INFO     ___FILE_ONLY___ ═
2023-05-31 13:45:08,860 INFO     ___FILE_ONLY___ ═
2023-05-31 13:45:08,860 INFO     ___FILE_ONLY___ ═
2023-05-31 13:45:08,861 INFO     ___FILE_ONLY___ ═
2023-05-31 13:45:08,861 INFO     ___FILE_ONLY___ ═
2023-05-31 13:45:08,861 INFO     ___FILE_ONLY___ ═
2023-05-31 13:45:08,861 INFO     ___FILE_ONLY___ ═
2023-05-31 13:45:08,861 INFO     ___FILE_ONLY___ ═
2023-05-31 13:45:08,861 INFO     ___FILE_ONLY___ ═
2023-05-31 13:45:08,861 INFO     ___FILE_ONLY___ ═
2023-05-31 13:45:08,862 INFO     ___FILE_ONLY___ ═
2023-05-31 13:45:08,862 INFO     ___FILE_ONLY___ ═
2023-05-31 13:45:08,862 INFO     ___FILE_ONLY___ ═
2023-05-31 13:45:09,003 INFO     ___FILE_ONLY___ ═
2023-05-31 13:45:09,008 INFO     ___FILE_ONLY___ ═
2023-05-31 13:45:09,014 INFO     ___FILE_ONLY___ ═
2023-05-31 13:45:09,018 INFO     ___FILE_ONLY___ ═
2023-05-31 13:45:09,023 INFO     ___FILE_ONLY___ ═
2023-05-31 13:45:09,026 INFO     ___FILE_ONLY___ ═
2023-05-31 13:45:09,031 INFO     ___FILE_ONLY___ ═
2023-05-31 13:45:09,035 INFO     ___FILE_ONLY___ ═
2023-05-31 13:45:09,039 INFO     ___FILE_ONLY___ ═
2023-05-31 13:45:09,043 INFO     ___FILE_ONLY___ ═
2023-05-31 13:45:09,048 INFO     ___FILE_ONLY___ ═
2023-05-31 13:45:09,053 INFO     ___FILE_ONLY___ ═
2023-05-31 13:45:09,057 INFO     ___FILE_ONLY___ ═
2023-05-31 13:45:09,061 INFO     ___FILE_ONLY___ ═
2023-05-31 13:45:09,068 INFO     ___FILE_ONLY___ ═
2023-05-31 13:45:09,071 INFO     ___FILE_ONLY___ ═
2023-05-31 13:45:09,075 INFO     ___FILE_ONLY___ ═
2023-05-31 13:45:09,079 INFO     ___FILE_ONLY___ ═
2023-05-31 13:45:09,083 INFO     ___FILE_ONLY___ ═
2023-05-31 13:45:09,086 INFO     ___FILE_ONLY___ ═
2023-05-31 13:45:09,091 INFO     ___FILE_ONLY___ ═
2023-05-31 13:45:09,095 INFO     ___FILE_ONLY___ ═
2023-05-31 13:45:09,099 INFO     ___FILE_ONLY___ ═
2023-05-31 13:45:09,103 INFO     ___FILE_ONLY___ ═
2023-05-31 13:45:09,108 INFO     ___FILE_ONLY___ ═
2023-05-31 13:45:09,115 INFO     ___FILE_ONLY___ ═
2023-05-31 13:45:09,119 INFO     ___FILE_ONLY___ ═
2023-05-31 13:45:09,123 INFO     ___FILE_ONLY___ ═
2023-05-31 13:45:09,127 INFO     ___FILE_ONLY___ ═
2023-05-31 13:45:09,131 INFO     ___FILE_ONLY___ ═
2023-05-31 13:45:09,131 INFO     ___FILE_ONLY___ ╝

2023-05-31 13:45:09,149 INFO     ___FILE_ONLY___ ╔════════════════════════════════════════════════════════════╗

2023-05-31 13:45:09,149 INFO     ___FILE_ONLY___ ╠═ Installing: BigQuery Command Line Tool (Platform Spec... ═╣

2023-05-31 13:45:09,149 INFO     ___FILE_ONLY___ ╚
2023-05-31 13:45:09,152 DEBUG    urllib3.connectionpool Starting new HTTPS connection (1): dl.google.com:443
2023-05-31 13:45:09,254 DEBUG    urllib3.connectionpool https://dl.google.com:443 "GET /dl/cloudsdk/channels/rapid/components/google-cloud-sdk-bq-nix-20220920185015.tar.gz HTTP/1.1" 200 1837
2023-05-31 13:45:09,255 INFO     ___FILE_ONLY___ ══════════════════════════════
2023-05-31 13:45:09,256 INFO     ___FILE_ONLY___ ══════════════════════════════
2023-05-31 13:45:09,256 INFO     ___FILE_ONLY___ ╝

2023-05-31 13:45:09,265 INFO     ___FILE_ONLY___ ╔════════════════════════════════════════════════════════════╗

2023-05-31 13:45:09,266 INFO     ___FILE_ONLY___ ╠═ Installing: Bundled Python 3.9                           ═╣

2023-05-31 13:45:09,266 INFO     ___FILE_ONLY___ ╚
2023-05-31 13:45:09,268 DEBUG    urllib3.connectionpool Starting new HTTPS connection (1): dl.google.com:443
2023-05-31 13:45:09,291 DEBUG    urllib3.connectionpool https://dl.google.com:443 "GET /dl/cloudsdk/channels/rapid/components/google-cloud-sdk-bundled-python3-unix-linux-x86_64-20230428152336.tar.gz HTTP/1.1" 200 66615539
2023-05-31 13:45:09,562 INFO     ___FILE_ONLY___ ═
2023-05-31 13:45:09,565 INFO     ___FILE_ONLY___ ═
2023-05-31 13:45:09,568 INFO     ___FILE_ONLY___ ═
2023-05-31 13:45:09,571 INFO     ___FILE_ONLY___ ═
2023-05-31 13:45:09,574 INFO     ___FILE_ONLY___ ═
2023-05-31 13:45:09,577 INFO     ___FILE_ONLY___ ═
2023-05-31 13:45:09,580 INFO     ___FILE_ONLY___ ═
2023-05-31 13:45:09,583 INFO     ___FILE_ONLY___ ═
2023-05-31 13:45:09,586 INFO     ___FILE_ONLY___ ═
2023-05-31 13:45:09,589 INFO     ___FILE_ONLY___ ═
2023-05-31 13:45:09,592 INFO     ___FILE_ONLY___ ═
2023-05-31 13:45:09,595 INFO     ___FILE_ONLY___ ═
2023-05-31 13:45:09,598 INFO     ___FILE_ONLY___ ═
2023-05-31 13:45:09,601 INFO     ___FILE_ONLY___ ═
2023-05-31 13:45:09,604 INFO     ___FILE_ONLY___ ═
2023-05-31 13:45:09,607 INFO     ___FILE_ONLY___ ═
2023-05-31 13:45:09,610 INFO     ___FILE_ONLY___ ═
2023-05-31 13:45:09,613 INFO     ___FILE_ONLY___ ═
2023-05-31 13:45:09,616 INFO     ___FILE_ONLY___ ═
2023-05-31 13:45:09,619 INFO     ___FILE_ONLY___ ═
2023-05-31 13:45:09,622 INFO     ___FILE_ONLY___ ═
2023-05-31 13:45:09,625 INFO     ___FILE_ONLY___ ═
2023-05-31 13:45:09,628 INFO     ___FILE_ONLY___ ═
2023-05-31 13:45:09,631 INFO     ___FILE_ONLY___ ═
2023-05-31 13:45:09,634 INFO     ___FILE_ONLY___ ═
2023-05-31 13:45:09,637 INFO     ___FILE_ONLY___ ═
2023-05-31 13:45:09,640 INFO     ___FILE_ONLY___ ═
2023-05-31 13:45:09,644 INFO     ___FILE_ONLY___ ═
2023-05-31 13:45:09,647 INFO     ___FILE_ONLY___ ═
2023-05-31 13:45:09,650 INFO     ___FILE_ONLY___ ═
2023-05-31 13:45:11,680 INFO     ___FILE_ONLY___ ═
2023-05-31 13:45:11,693 INFO     ___FILE_ONLY___ ═
2023-05-31 13:45:11,709 INFO     ___FILE_ONLY___ ═
2023-05-31 13:45:11,725 INFO     ___FILE_ONLY___ ═
2023-05-31 13:45:11,739 INFO     ___FILE_ONLY___ ═
2023-05-31 13:45:11,758 INFO     ___FILE_ONLY___ ═
2023-05-31 13:45:11,778 INFO     ___FILE_ONLY___ ═
2023-05-31 13:45:11,800 INFO     ___FILE_ONLY___ ═
2023-05-31 13:45:11,819 INFO     ___FILE_ONLY___ ═
2023-05-31 13:45:11,833 INFO     ___FILE_ONLY___ ═
2023-05-31 13:45:11,854 INFO     ___FILE_ONLY___ ═
2023-05-31 13:45:11,876 INFO     ___FILE_ONLY___ ═
2023-05-31 13:45:12,005 INFO     ___FILE_ONLY___ ═
2023-05-31 13:45:12,019 INFO     ___FILE_ONLY___ ═
2023-05-31 13:45:12,124 INFO     ___FILE_ONLY___ ═
2023-05-31 13:45:12,137 INFO     ___FILE_ONLY___ ═
2023-05-31 13:45:12,161 INFO     ___FILE_ONLY___ ═
2023-05-31 13:45:12,183 INFO     ___FILE_ONLY___ ═
2023-05-31 13:45:12,203 INFO     ___FILE_ONLY___ ═
2023-05-31 13:45:12,242 INFO     ___FILE_ONLY___ ═
2023-05-31 13:45:12,257 INFO     ___FILE_ONLY___ ═
2023-05-31 13:45:12,271 INFO     ___FILE_ONLY___ ═
2023-05-31 13:45:12,288 INFO     ___FILE_ONLY___ ═
2023-05-31 13:45:12,307 INFO     ___FILE_ONLY___ ═
2023-05-31 13:45:12,327 INFO     ___FILE_ONLY___ ═
2023-05-31 13:45:12,347 INFO     ___FILE_ONLY___ ═
2023-05-31 13:45:13,009 INFO     ___FILE_ONLY___ ═
2023-05-31 13:45:13,315 INFO     ___FILE_ONLY___ ═
2023-05-31 13:45:13,327 INFO     ___FILE_ONLY___ ═
2023-05-31 13:45:13,340 INFO     ___FILE_ONLY___ ═
2023-05-31 13:45:13,340 INFO     ___FILE_ONLY___ ╝

2023-05-31 13:45:13,404 INFO     ___FILE_ONLY___ ╔════════════════════════════════════════════════════════════╗

2023-05-31 13:45:13,404 INFO     ___FILE_ONLY___ ╠═ Installing: Bundled Python 3.9                           ═╣

2023-05-31 13:45:13,404 INFO     ___FILE_ONLY___ ╚
2023-05-31 13:45:13,409 INFO     ___FILE_ONLY___ ════════════════════════════════════════════════════════════
2023-05-31 13:45:13,410 INFO     ___FILE_ONLY___ ╝

2023-05-31 13:45:13,412 INFO     ___FILE_ONLY___ ╔════════════════════════════════════════════════════════════╗

2023-05-31 13:45:13,412 INFO     ___FILE_ONLY___ ╠═ Installing: Cloud Storage Command Line Tool              ═╣

2023-05-31 13:45:13,412 INFO     ___FILE_ONLY___ ╚
2023-05-31 13:45:13,414 DEBUG    urllib3.connectionpool Starting new HTTPS connection (1): dl.google.com:443
2023-05-31 13:45:13,432 DEBUG    urllib3.connectionpool https://dl.google.com:443 "GET /dl/cloudsdk/channels/rapid/components/google-cloud-sdk-gsutil-20230526134617.tar.gz HTTP/1.1" 200 11815391
2023-05-31 13:45:13,476 INFO     ___FILE_ONLY___ ═
2023-05-31 13:45:13,477 INFO     ___FILE_ONLY___ ═
2023-05-31 13:45:13,478 INFO     ___FILE_ONLY___ ═
2023-05-31 13:45:13,478 INFO     ___FILE_ONLY___ ═
2023-05-31 13:45:13,479 INFO     ___FILE_ONLY___ ═
2023-05-31 13:45:13,480 INFO     ___FILE_ONLY___ ═
2023-05-31 13:45:13,480 INFO     ___FILE_ONLY___ ═
2023-05-31 13:45:13,481 INFO     ___FILE_ONLY___ ═
2023-05-31 13:45:13,481 INFO     ___FILE_ONLY___ ═
2023-05-31 13:45:13,482 INFO     ___FILE_ONLY___ ═
2023-05-31 13:45:13,483 INFO     ___FILE_ONLY___ ═
2023-05-31 13:45:13,483 INFO     ___FILE_ONLY___ ═
2023-05-31 13:45:13,484 INFO     ___FILE_ONLY___ ═
2023-05-31 13:45:13,484 INFO     ___FILE_ONLY___ ═
2023-05-31 13:45:13,485 INFO     ___FILE_ONLY___ ═
2023-05-31 13:45:13,486 INFO     ___FILE_ONLY___ ═
2023-05-31 13:45:13,486 INFO     ___FILE_ONLY___ ═
2023-05-31 13:45:13,487 INFO     ___FILE_ONLY___ ═
2023-05-31 13:45:13,487 INFO     ___FILE_ONLY___ ═
2023-05-31 13:45:13,488 INFO     ___FILE_ONLY___ ═
2023-05-31 13:45:13,489 INFO     ___FILE_ONLY___ ═
2023-05-31 13:45:13,489 INFO     ___FILE_ONLY___ ═
2023-05-31 13:45:13,490 INFO     ___FILE_ONLY___ ═
2023-05-31 13:45:13,491 INFO     ___FILE_ONLY___ ═
2023-05-31 13:45:13,491 INFO     ___FILE_ONLY___ ═
2023-05-31 13:45:13,492 INFO     ___FILE_ONLY___ ═
2023-05-31 13:45:13,492 INFO     ___FILE_ONLY___ ═
2023-05-31 13:45:13,493 INFO     ___FILE_ONLY___ ═
2023-05-31 13:45:13,494 INFO     ___FILE_ONLY___ ═
2023-05-31 13:45:13,494 INFO     ___FILE_ONLY___ ═
2023-05-31 13:45:14,312 INFO     ___FILE_ONLY___ ═
2023-05-31 13:45:14,341 INFO     ___FILE_ONLY___ ═
2023-05-31 13:45:14,397 INFO     ___FILE_ONLY___ ═
2023-05-31 13:45:14,425 INFO     ___FILE_ONLY___ ═
2023-05-31 13:45:14,451 INFO     ___FILE_ONLY___ ═
2023-05-31 13:45:14,478 INFO     ___FILE_ONLY___ ═
2023-05-31 13:45:14,514 INFO     ___FILE_ONLY___ ═
2023-05-31 13:45:14,552 INFO     ___FILE_ONLY___ ═
2023-05-31 13:45:14,589 INFO     ___FILE_ONLY___ ═
2023-05-31 13:45:14,614 INFO     ___FILE_ONLY___ ═
2023-05-31 13:45:14,639 INFO     ___FILE_ONLY___ ═
2023-05-31 13:45:14,671 INFO     ___FILE_ONLY___ ═
2023-05-31 13:45:14,695 INFO     ___FILE_ONLY___ ═
2023-05-31 13:45:14,720 INFO     ___FILE_ONLY___ ═
2023-05-31 13:45:14,742 INFO     ___FILE_ONLY___ ═
2023-05-31 13:45:14,766 INFO     ___FILE_ONLY___ ═
2023-05-31 13:45:14,793 INFO     ___FILE_ONLY___ ═
2023-05-31 13:45:14,819 INFO     ___FILE_ONLY___ ═
2023-05-31 13:45:14,841 INFO     ___FILE_ONLY___ ═
2023-05-31 13:45:14,876 INFO     ___FILE_ONLY___ ═
2023-05-31 13:45:14,906 INFO     ___FILE_ONLY___ ═
2023-05-31 13:45:14,935 INFO     ___FILE_ONLY___ ═
2023-05-31 13:45:14,965 INFO     ___FILE_ONLY___ ═
2023-05-31 13:45:14,996 INFO     ___FILE_ONLY___ ═
2023-05-31 13:45:15,021 INFO     ___FILE_ONLY___ ═
2023-05-31 13:45:15,045 INFO     ___FILE_ONLY___ ═
2023-05-31 13:45:15,067 INFO     ___FILE_ONLY___ ═
2023-05-31 13:45:15,089 INFO     ___FILE_ONLY___ ═
2023-05-31 13:45:15,112 INFO     ___FILE_ONLY___ ═
2023-05-31 13:45:15,153 INFO     ___FILE_ONLY___ ═
2023-05-31 13:45:15,153 INFO     ___FILE_ONLY___ ╝

2023-05-31 13:45:15,233 INFO     ___FILE_ONLY___ ╔════════════════════════════════════════════════════════════╗

2023-05-31 13:45:15,233 INFO     ___FILE_ONLY___ ╠═ Installing: Cloud Storage Command Line Tool (Platform... ═╣

2023-05-31 13:45:15,233 INFO     ___FILE_ONLY___ ╚
2023-05-31 13:45:15,236 DEBUG    urllib3.connectionpool Starting new HTTPS connection (1): dl.google.com:443
2023-05-31 13:45:15,259 DEBUG    urllib3.connectionpool https://dl.google.com:443 "GET /dl/cloudsdk/channels/rapid/components/google-cloud-sdk-gsutil-nix-20220920185015.tar.gz HTTP/1.1" 200 1851
2023-05-31 13:45:15,260 INFO     ___FILE_ONLY___ ══════════════════════════════
2023-05-31 13:45:15,261 INFO     ___FILE_ONLY___ ══════════════════════════════
2023-05-31 13:45:15,261 INFO     ___FILE_ONLY___ ╝

2023-05-31 13:45:15,271 INFO     ___FILE_ONLY___ ╔════════════════════════════════════════════════════════════╗

2023-05-31 13:45:15,271 INFO     ___FILE_ONLY___ ╠═ Installing: Default set of gcloud commands               ═╣

2023-05-31 13:45:15,271 INFO     ___FILE_ONLY___ ╚
2023-05-31 13:45:15,276 INFO     ___FILE_ONLY___ ════════════════════════════════════════════════════════════
2023-05-31 13:45:15,277 INFO     ___FILE_ONLY___ ╝

2023-05-31 13:45:15,279 INFO     ___FILE_ONLY___ ╔════════════════════════════════════════════════════════════╗

2023-05-31 13:45:15,279 INFO     ___FILE_ONLY___ ╠═ Installing: Google Cloud CLI Core Libraries (Platform... ═╣

2023-05-31 13:45:15,279 INFO     ___FILE_ONLY___ ╚
2023-05-31 13:45:15,281 DEBUG    urllib3.connectionpool Starting new HTTPS connection (1): dl.google.com:443
2023-05-31 13:45:15,314 DEBUG    urllib3.connectionpool https://dl.google.com:443 "GET /dl/cloudsdk/channels/rapid/components/google-cloud-sdk-core-nix-20220920185015.tar.gz HTTP/1.1" 200 2221
2023-05-31 13:45:15,315 INFO     ___FILE_ONLY___ ══════════════════════════════
2023-05-31 13:45:15,316 INFO     ___FILE_ONLY___ ═══════════════
2023-05-31 13:45:15,317 INFO     ___FILE_ONLY___ ═══════════════
2023-05-31 13:45:15,317 INFO     ___FILE_ONLY___ ╝

2023-05-31 13:45:15,326 INFO     ___FILE_ONLY___ ╔════════════════════════════════════════════════════════════╗

2023-05-31 13:45:15,326 INFO     ___FILE_ONLY___ ╠═ Installing: Google Cloud CRC32C Hash Tool                ═╣

2023-05-31 13:45:15,327 INFO     ___FILE_ONLY___ ╚
2023-05-31 13:45:15,332 INFO     ___FILE_ONLY___ ════════════════════════════════════════════════════════════
2023-05-31 13:45:15,332 INFO     ___FILE_ONLY___ ╝

2023-05-31 13:45:15,334 INFO     ___FILE_ONLY___ ╔════════════════════════════════════════════════════════════╗

2023-05-31 13:45:15,334 INFO     ___FILE_ONLY___ ╠═ Installing: Google Cloud CRC32C Hash Tool                ═╣

2023-05-31 13:45:15,335 INFO     ___FILE_ONLY___ ╚
2023-05-31 13:45:15,337 DEBUG    urllib3.connectionpool Starting new HTTPS connection (1): dl.google.com:443
2023-05-31 13:45:15,393 DEBUG    urllib3.connectionpool https://dl.google.com:443 "GET /dl/cloudsdk/channels/rapid/components/google-cloud-sdk-gcloud-crc32c-linux-x86_64-20230526134617.tar.gz HTTP/1.1" 200 1270213
2023-05-31 13:45:15,404 INFO     ___FILE_ONLY___ ═
2023-05-31 13:45:15,404 INFO     ___FILE_ONLY___ ═
2023-05-31 13:45:15,404 INFO     ___FILE_ONLY___ ═
2023-05-31 13:45:15,404 INFO     ___FILE_ONLY___ ═
2023-05-31 13:45:15,405 INFO     ___FILE_ONLY___ ═
2023-05-31 13:45:15,405 INFO     ___FILE_ONLY___ ═
2023-05-31 13:45:15,405 INFO     ___FILE_ONLY___ ═
2023-05-31 13:45:15,405 INFO     ___FILE_ONLY___ ═
2023-05-31 13:45:15,405 INFO     ___FILE_ONLY___ ═
2023-05-31 13:45:15,405 INFO     ___FILE_ONLY___ ═
2023-05-31 13:45:15,405 INFO     ___FILE_ONLY___ ═
2023-05-31 13:45:15,406 INFO     ___FILE_ONLY___ ═
2023-05-31 13:45:15,406 INFO     ___FILE_ONLY___ ═
2023-05-31 13:45:15,406 INFO     ___FILE_ONLY___ ═
2023-05-31 13:45:15,406 INFO     ___FILE_ONLY___ ═
2023-05-31 13:45:15,406 INFO     ___FILE_ONLY___ ═
2023-05-31 13:45:15,406 INFO     ___FILE_ONLY___ ═
2023-05-31 13:45:15,406 INFO     ___FILE_ONLY___ ═
2023-05-31 13:45:15,407 INFO     ___FILE_ONLY___ ═
2023-05-31 13:45:15,407 INFO     ___FILE_ONLY___ ═
2023-05-31 13:45:15,407 INFO     ___FILE_ONLY___ ═
2023-05-31 13:45:15,407 INFO     ___FILE_ONLY___ ═
2023-05-31 13:45:15,407 INFO     ___FILE_ONLY___ ═
2023-05-31 13:45:15,407 INFO     ___FILE_ONLY___ ═
2023-05-31 13:45:15,407 INFO     ___FILE_ONLY___ ═
2023-05-31 13:45:15,407 INFO     ___FILE_ONLY___ ═
2023-05-31 13:45:15,408 INFO     ___FILE_ONLY___ ═
2023-05-31 13:45:15,408 INFO     ___FILE_ONLY___ ═
2023-05-31 13:45:15,408 INFO     ___FILE_ONLY___ ═
2023-05-31 13:45:15,408 INFO     ___FILE_ONLY___ ═
2023-05-31 13:45:15,444 INFO     ___FILE_ONLY___ ═══════════════
2023-05-31 13:45:15,444 INFO     ___FILE_ONLY___ ═══════════════
2023-05-31 13:45:15,444 INFO     ___FILE_ONLY___ ╝

2023-05-31 13:45:15,455 INFO     ___FILE_ONLY___ ╔════════════════════════════════════════════════════════════╗

2023-05-31 13:45:15,455 INFO     ___FILE_ONLY___ ╠═ Installing: anthoscli                                    ═╣

2023-05-31 13:45:15,455 INFO     ___FILE_ONLY___ ╚
2023-05-31 13:45:15,461 INFO     ___FILE_ONLY___ ════════════════════════════════════════════════════════════
2023-05-31 13:45:15,461 INFO     ___FILE_ONLY___ ╝

2023-05-31 13:45:15,464 INFO     ___FILE_ONLY___ ╔════════════════════════════════════════════════════════════╗

2023-05-31 13:45:15,464 INFO     ___FILE_ONLY___ ╠═ Installing: anthoscli                                    ═╣

2023-05-31 13:45:15,464 INFO     ___FILE_ONLY___ ╚
2023-05-31 13:45:15,467 DEBUG    urllib3.connectionpool Starting new HTTPS connection (1): dl.google.com:443
2023-05-31 13:45:15,486 DEBUG    urllib3.connectionpool https://dl.google.com:443 "GET /dl/cloudsdk/channels/rapid/components/google-cloud-sdk-anthoscli-linux-x86_64-20230417163046.tar.gz HTTP/1.1" 200 71766688
2023-05-31 13:45:15,771 INFO     ___FILE_ONLY___ ═
2023-05-31 13:45:15,774 INFO     ___FILE_ONLY___ ═
2023-05-31 13:45:15,778 INFO     ___FILE_ONLY___ ═
2023-05-31 13:45:15,781 INFO     ___FILE_ONLY___ ═
2023-05-31 13:45:15,784 INFO     ___FILE_ONLY___ ═
2023-05-31 13:45:15,787 INFO     ___FILE_ONLY___ ═
2023-05-31 13:45:15,791 INFO     ___FILE_ONLY___ ═
2023-05-31 13:45:15,794 INFO     ___FILE_ONLY___ ═
2023-05-31 13:45:15,797 INFO     ___FILE_ONLY___ ═
2023-05-31 13:45:15,800 INFO     ___FILE_ONLY___ ═
2023-05-31 13:45:15,804 INFO     ___FILE_ONLY___ ═
2023-05-31 13:45:15,807 INFO     ___FILE_ONLY___ ═
2023-05-31 13:45:15,810 INFO     ___FILE_ONLY___ ═
2023-05-31 13:45:15,813 INFO     ___FILE_ONLY___ ═
2023-05-31 13:45:15,817 INFO     ___FILE_ONLY___ ═
2023-05-31 13:45:15,820 INFO     ___FILE_ONLY___ ═
2023-05-31 13:45:15,823 INFO     ___FILE_ONLY___ ═
2023-05-31 13:45:15,826 INFO     ___FILE_ONLY___ ═
2023-05-31 13:45:15,829 INFO     ___FILE_ONLY___ ═
2023-05-31 13:45:15,833 INFO     ___FILE_ONLY___ ═
2023-05-31 13:45:15,836 INFO     ___FILE_ONLY___ ═
2023-05-31 13:45:15,839 INFO     ___FILE_ONLY___ ═
2023-05-31 13:45:15,842 INFO     ___FILE_ONLY___ ═
2023-05-31 13:45:15,845 INFO     ___FILE_ONLY___ ═
2023-05-31 13:45:15,849 INFO     ___FILE_ONLY___ ═
2023-05-31 13:45:15,852 INFO     ___FILE_ONLY___ ═
2023-05-31 13:45:15,855 INFO     ___FILE_ONLY___ ═
2023-05-31 13:45:15,859 INFO     ___FILE_ONLY___ ═
2023-05-31 13:45:15,862 INFO     ___FILE_ONLY___ ═
2023-05-31 13:45:15,865 INFO     ___FILE_ONLY___ ═
2023-05-31 13:45:18,188 INFO     ___FILE_ONLY___ ══════════
2023-05-31 13:45:18,193 INFO     ___FILE_ONLY___ ═════════
2023-05-31 13:45:18,221 INFO     ___FILE_ONLY___ ═══════════
2023-05-31 13:45:18,222 INFO     ___FILE_ONLY___ ╝

2023-05-31 13:45:18,247 INFO     ___FILE_ONLY___ ╔════════════════════════════════════════════════════════════╗

2023-05-31 13:45:18,247 INFO     ___FILE_ONLY___ ╠═ Installing: gcloud cli dependencies                      ═╣

2023-05-31 13:45:18,247 INFO     ___FILE_ONLY___ ╚
2023-05-31 13:45:18,250 DEBUG    urllib3.connectionpool Starting new HTTPS connection (1): dl.google.com:443
2023-05-31 13:45:18,269 DEBUG    urllib3.connectionpool https://dl.google.com:443 "GET /dl/cloudsdk/channels/rapid/components/google-cloud-sdk-gcloud-deps-linux-x86_64-20210416153011.tar.gz HTTP/1.1" 200 104
2023-05-31 13:45:18,270 INFO     ___FILE_ONLY___ ══════════════════════════════
2023-05-31 13:45:18,271 INFO     ___FILE_ONLY___ ══════════════════════════════
2023-05-31 13:45:18,271 INFO     ___FILE_ONLY___ ╝

2023-05-31 13:45:18,280 INFO     ___FILE_ONLY___ ╔════════════════════════════════════════════════════════════╗

2023-05-31 13:45:18,281 INFO     ___FILE_ONLY___ ╠═ Creating backup and activating new installation          ═╣

2023-05-31 13:45:18,281 INFO     ___FILE_ONLY___ ╚
2023-05-31 13:45:18,281 DEBUG    root            Attempting to move directory [/tools/google-cloud-sdk] to [/tools/google-cloud-sdk.staging/.install/.backup]
2023-05-31 13:45:18,281 INFO     ___FILE_ONLY___ ══════════════════════════════
2023-05-31 13:45:18,281 DEBUG    root            Attempting to move directory [/tools/google-cloud-sdk.staging] to [/tools/google-cloud-sdk]
2023-05-31 13:45:18,281 INFO     ___FILE_ONLY___ ══════════════════════════════
2023-05-31 13:45:18,281 INFO     ___FILE_ONLY___ ╝

2023-05-31 13:45:18,286 DEBUG    root            Updating notification cache...
2023-05-31 13:45:18,286 INFO     ___FILE_ONLY___ 

2023-05-31 13:45:18,289 INFO     ___FILE_ONLY___ Performing post processing steps...
2023-05-31 13:45:18,289 DEBUG    root            Executing command: ['python3', '-S', '/tools/google-cloud-sdk/lib/gcloud.py', 'components', 'post-process']
2023-05-31 13:45:46,058 DEBUG    ___FILE_ONLY___ 
2023-05-31 13:45:46,059 DEBUG    ___FILE_ONLY___ 
2023-05-31 13:45:46,083 INFO     ___FILE_ONLY___ 
Update done!


2023-05-31 13:45:46,087 DEBUG    root            Chosen display Format:none
2023-05-31 13:45:46,088 INFO     root            Display format: "none"
